have_library: checking for fdatasync() in -lrt... -------------------- no

"clang -o conftest -I/Users/tom/.rvm/rubies/ruby-1.9.2-p180/include/ruby-1.9.1/x86_64-darwin12.2.1 -I/Users/tom/.rvm/rubies/ruby-1.9.2-p180/include/ruby-1.9.1/ruby/backward -I/Users/tom/.rvm/rubies/ruby-1.9.2-p180/include/ruby-1.9.1 -I. -I/Users/tom/.rvm/usr/include -D_XOPEN_SOURCE -D_DARWIN_C_SOURCE    -O3 -ggdb -Wextra -Wno-unused-parameter -Wno-parentheses -Wpointer-arith -Wwrite-strings -Wno-missing-field-initializers -Wshorten-64-to-32 -Wno-long-long  -fno-common -pipe conftest.c  -L. -L/Users/tom/.rvm/rubies/ruby-1.9.2-p180/lib -L/Users/tom/.rvm/usr/lib -L. -L/usr/local/lib     -lruby.1.9.1-static  -lpthread -ldl -lobjc "
checked program was:
/* begin */
1: #include "ruby.h"
2: 
3: int main() {return 0;}
/* end */

"clang -o conftest -I/Users/tom/.rvm/rubies/ruby-1.9.2-p180/include/ruby-1.9.1/x86_64-darwin12.2.1 -I/Users/tom/.rvm/rubies/ruby-1.9.2-p180/include/ruby-1.9.1/ruby/backward -I/Users/tom/.rvm/rubies/ruby-1.9.2-p180/include/ruby-1.9.1 -I. -I/Users/tom/.rvm/usr/include -D_XOPEN_SOURCE -D_DARWIN_C_SOURCE    -O3 -ggdb -Wextra -Wno-unused-parameter -Wno-parentheses -Wpointer-arith -Wwrite-strings -Wno-missing-field-initializers -Wshorten-64-to-32 -Wno-long-long  -fno-common -pipe conftest.c  -L. -L/Users/tom/.rvm/rubies/ruby-1.9.2-p180/lib -L/Users/tom/.rvm/usr/lib -L. -L/usr/local/lib     -lruby.1.9.1-static -lrt  -lpthread -ldl -lobjc "
conftest.c:5:53: error: use of undeclared identifier 'fdatasync'
int t() { void ((*volatile p)()); p = (void ((*)()))fdatasync; return 0; }
                                                    ^
1 error generated.
checked program was:
/* begin */
1: #include "ruby.h"
2: 
3: /*top*/
4: int main() {return 0;}
5: int t() { void ((*volatile p)()); p = (void ((*)()))fdatasync; return 0; }
/* end */

"clang -o conftest -I/Users/tom/.rvm/rubies/ruby-1.9.2-p180/include/ruby-1.9.1/x86_64-darwin12.2.1 -I/Users/tom/.rvm/rubies/ruby-1.9.2-p180/include/ruby-1.9.1/ruby/backward -I/Users/tom/.rvm/rubies/ruby-1.9.2-p180/include/ruby-1.9.1 -I. -I/Users/tom/.rvm/usr/include -D_XOPEN_SOURCE -D_DARWIN_C_SOURCE    -O3 -ggdb -Wextra -Wno-unused-parameter -Wno-parentheses -Wpointer-arith -Wwrite-strings -Wno-missing-field-initializers -Wshorten-64-to-32 -Wno-long-long  -fno-common -pipe conftest.c  -L. -L/Users/tom/.rvm/rubies/ruby-1.9.2-p180/lib -L/Users/tom/.rvm/usr/lib -L. -L/usr/local/lib     -lruby.1.9.1-static -lrt  -lpthread -ldl -lobjc "
conftest.c:5:11: warning: implicit declaration of function 'fdatasync' is invalid in C99 [-Wimplicit-function-declaration]
int t() { fdatasync(); return 0; }
          ^
1 warning generated.
ld: library not found for -lrt
clang: error: linker command failed with exit code 1 (use -v to see invocation)
checked program was:
/* begin */
1: #include "ruby.h"
2: 
3: /*top*/
4: int main() {return 0;}
5: int t() { fdatasync(); return 0; }
/* end */

--------------------

have_header: checking for sqlite3.h... -------------------- yes

"clang -E -I/Users/tom/.rvm/rubies/ruby-1.9.2-p180/include/ruby-1.9.1/x86_64-darwin12.2.1 -I/Users/tom/.rvm/rubies/ruby-1.9.2-p180/include/ruby-1.9.1/ruby/backward -I/Users/tom/.rvm/rubies/ruby-1.9.2-p180/include/ruby-1.9.1 -I. -I/Users/tom/.rvm/usr/include -D_XOPEN_SOURCE -D_DARWIN_C_SOURCE    -O3 -ggdb -Wextra -Wno-unused-parameter -Wno-parentheses -Wpointer-arith -Wwrite-strings -Wno-missing-field-initializers -Wshorten-64-to-32 -Wno-long-long  -fno-common -pipe  conftest.c -o conftest.i"
checked program was:
/* begin */
1: #include "ruby.h"
2: 
3: #include <sqlite3.h>
/* end */

--------------------

have_library: checking for sqlite3_open() in -lsqlite3... -------------------- yes

"clang -o conftest -I/Users/tom/.rvm/rubies/ruby-1.9.2-p180/include/ruby-1.9.1/x86_64-darwin12.2.1 -I/Users/tom/.rvm/rubies/ruby-1.9.2-p180/include/ruby-1.9.1/ruby/backward -I/Users/tom/.rvm/rubies/ruby-1.9.2-p180/include/ruby-1.9.1 -I. -I/Users/tom/.rvm/usr/include -D_XOPEN_SOURCE -D_DARWIN_C_SOURCE    -O3 -ggdb -Wextra -Wno-unused-parameter -Wno-parentheses -Wpointer-arith -Wwrite-strings -Wno-missing-field-initializers -Wshorten-64-to-32 -Wno-long-long  -fno-common -pipe conftest.c  -L. -L/Users/tom/.rvm/rubies/ruby-1.9.2-p180/lib -L/Users/tom/.rvm/usr/lib -L. -L/usr/local/lib     -lruby.1.9.1-static -lsqlite3  -lpthread -ldl -lobjc "
conftest.c:5:53: error: use of undeclared identifier 'sqlite3_open'
int t() { void ((*volatile p)()); p = (void ((*)()))sqlite3_open; return 0; }
                                                    ^
1 error generated.
checked program was:
/* begin */
1: #include "ruby.h"
2: 
3: /*top*/
4: int main() {return 0;}
5: int t() { void ((*volatile p)()); p = (void ((*)()))sqlite3_open; return 0; }
/* end */

"clang -o conftest -I/Users/tom/.rvm/rubies/ruby-1.9.2-p180/include/ruby-1.9.1/x86_64-darwin12.2.1 -I/Users/tom/.rvm/rubies/ruby-1.9.2-p180/include/ruby-1.9.1/ruby/backward -I/Users/tom/.rvm/rubies/ruby-1.9.2-p180/include/ruby-1.9.1 -I. -I/Users/tom/.rvm/usr/include -D_XOPEN_SOURCE -D_DARWIN_C_SOURCE    -O3 -ggdb -Wextra -Wno-unused-parameter -Wno-parentheses -Wpointer-arith -Wwrite-strings -Wno-missing-field-initializers -Wshorten-64-to-32 -Wno-long-long  -fno-common -pipe conftest.c  -L. -L/Users/tom/.rvm/rubies/ruby-1.9.2-p180/lib -L/Users/tom/.rvm/usr/lib -L. -L/usr/local/lib     -lruby.1.9.1-static -lsqlite3  -lpthread -ldl -lobjc "
conftest.c:5:11: warning: implicit declaration of function 'sqlite3_open' is invalid in C99 [-Wimplicit-function-declaration]
int t() { sqlite3_open(); return 0; }
          ^
1 warning generated.
checked program was:
/* begin */
1: #include "ruby.h"
2: 
3: /*top*/
4: int main() {return 0;}
5: int t() { sqlite3_open(); return 0; }
/* end */

--------------------

